<?xml version="1.0" encoding="UTF-8"?>
<testsuite name="at.ac.uibk.dps.streamprocessingapplications.etl.transforms.BloomFilterTransformTest" tests="2" skipped="0" failures="0" errors="0" timestamp="2024-05-06T07:39:00" hostname="master-node" time="0.081">
  <properties/>
  <testcase name="bloomFilterTransform_elementNotContained_removedFromCollection()" classname="at.ac.uibk.dps.streamprocessingapplications.etl.transforms.BloomFilterTransformTest" time="0.057"/>
  <testcase name="bloomFilterTransform_elementContained_staysInCollection()" classname="at.ac.uibk.dps.streamprocessingapplications.etl.transforms.BloomFilterTransformTest" time="0.024"/>
  <system-out><![CDATA[]]></system-out>
  <system-err><![CDATA[]]></system-err>
</testsuite>
